TN:
SF:src\modules\appointments\services\CreateAppointmentService.ts
FN:18,(anonymous_18)
FN:19,CreateAppointmentService
FN:24,(anonymous_20)
FNF:3
FNH:0
FNDA:0,(anonymous_18)
FNDA:0,CreateAppointmentService
FNDA:0,(anonymous_20)
DA:1,0
DA:2,0
DA:3,0
DA:4,0
DA:18,0
DA:21,0
DA:24,0
DA:26,0
DA:28,0
DA:30,0
DA:31,0
DA:35,0
DA:40,0
DA:42,0
DA:43,0
LF:15
LH:0
BRDA:30,0,0,0
BRF:1
BRH:0
end_of_record
TN:
SF:src\modules\users\services\AuthenticateUserService.ts
FN:23,(anonymous_18)
FN:24,AuthenticateUserService
FN:31,(anonymous_20)
FNF:3
FNH:3
FNDA:1,(anonymous_18)
FNDA:3,AuthenticateUserService
FNDA:3,(anonymous_20)
DA:2,1
DA:4,1
DA:5,1
DA:6,1
DA:23,1
DA:26,3
DA:29,3
DA:31,3
DA:33,3
DA:35,3
DA:36,1
DA:38,2
DA:40,2
DA:41,1
DA:44,1
DA:46,1
DA:51,1
DA:56,1
DA:58,1
LF:19
LH:19
BRDA:33,0,0,3
BRDA:35,1,0,1
BRDA:40,2,0,1
BRF:3
BRH:3
end_of_record
TN:
SF:src\modules\users\services\CreateUserService.ts
FN:16,(anonymous_18)
FN:17,CreateUserService
FN:24,(anonymous_20)
FNF:3
FNH:3
FNDA:1,(anonymous_18)
FNDA:2,CreateUserService
FNDA:2,(anonymous_20)
DA:1,1
DA:3,1
DA:16,1
DA:19,2
DA:21,2
DA:24,2
DA:25,2
DA:27,2
DA:28,0
DA:31,2
DA:33,2
DA:40,2
DA:42,1
DA:44,1
LF:14
LH:13
BRDA:25,0,0,2
BRDA:27,1,0,0
BRF:2
BRH:1
end_of_record
TN:
SF:src\modules\users\services\ResetPasswordService.ts
FN:16,(anonymous_18)
FN:17,ResetPasswordService
FN:29,(anonymous_20)
FNF:3
FNH:0
FNDA:0,(anonymous_18)
FNDA:0,ResetPasswordService
FNDA:0,(anonymous_20)
DA:1,0
DA:2,0
DA:3,0
DA:16,0
DA:19,0
DA:23,0
DA:26,0
DA:29,0
DA:30,0
DA:32,0
DA:33,0
DA:35,0
DA:37,0
DA:38,0
DA:41,0
DA:42,0
DA:44,0
DA:45,0
DA:48,0
DA:50,0
DA:53,0
DA:55,0
LF:22
LH:0
BRDA:30,0,0,0
BRDA:32,1,0,0
BRDA:37,2,0,0
BRDA:44,3,0,0
BRF:4
BRH:0
end_of_record
TN:
SF:src\modules\users\services\SendForgotPasswordEmailService.ts
FN:14,(anonymous_18)
FN:15,SendForgotPasswordEmailService
FN:26,(anonymous_20)
FNF:3
FNH:0
FNDA:0,(anonymous_18)
FNDA:0,SendForgotPasswordEmailService
FNDA:0,(anonymous_20)
DA:1,0
DA:2,0
DA:4,0
DA:14,0
DA:17,0
DA:20,0
DA:23,0
DA:26,0
DA:27,0
DA:29,0
DA:30,0
DA:32,0
DA:34,0
DA:41,0
DA:56,0
DA:58,0
LF:16
LH:0
BRDA:27,0,0,0
BRDA:29,1,0,0
BRF:2
BRH:0
end_of_record
TN:
SF:src\modules\users\services\UpdateUserAvatarService.ts
FN:15,(anonymous_18)
FN:16,updateUSerAvatarService
FN:24,(anonymous_20)
FNF:3
FNH:0
FNDA:0,(anonymous_18)
FNDA:0,updateUSerAvatarService
FNDA:0,(anonymous_20)
DA:5,0
DA:8,0
DA:15,0
DA:18,0
DA:21,0
DA:24,0
DA:25,0
DA:27,0
DA:28,0
DA:30,0
DA:31,0
DA:34,0
DA:36,0
DA:38,0
DA:40,0
DA:43,0
DA:45,0
LF:17
LH:0
BRDA:25,0,0,0
BRDA:25,0,1,0
BRDA:27,1,0,0
BRDA:30,2,0,0
BRF:4
BRH:0
end_of_record
